{
  "RSpec": {
    "coverage": {
      "/home/interactive-chain-4903/tic-tac-toe-rb-online-web-sp-000/lib/tic_tac_toe.rb": [
        null,
        1,
        null,
        null,
        null,
        null,
        null,
        null,
        null,
        null,
        null,
        1,
        15,
        15,
        15,
        15,
        15,
        null,
        null,
        1,
        8711,
        8711,
        8711,
        null,
        null,
        null,
        1,
        16,
        null,
        null,
        1,
        4,
        2,
        2,
        2,
        null,
        null,
        null,
        1,
        8711,
        8697,
        null,
        14,
        null,
        null,
        null,
        1,
        8709,
        8708,
        8708,
        8708,
        13,
        13,
        13,
        null,
        8695,
        null,
        null,
        null,
        1,
        15,
        15,
        null,
        135,
        12,
        null,
        null,
        15,
        null,
        null,
        1,
        14,
        14,
        11,
        null,
        3,
        null,
        null,
        null,
        1,
        20,
        139,
        139,
        139,
        null,
        139,
        139,
        139,
        null,
        139,
        5,
        134,
        1,
        null,
        null,
        14,
        null,
        null,
        1,
        18,
        86,
        null,
        null,
        null,
        1,
        5,
        2,
        null,
        3,
        null,
        null,
        null,
        1,
        9,
        1,
        8,
        1,
        7,
        1,
        null,
        null,
        null,
        1,
        3,
        3,
        3,
        null,
        null,
        2,
        1,
        null,
        1,
        null,
        null,
        null,
        null,
        1,
        6,
        12,
        null,
        null,
        null
      ]
    },
    "timestamp": 1584855167
  }
}
