{
  "RSpec": {
    "coverage": {
      "/home/interactive-chain-4903/tic-tac-toe-rb-online-web-sp-000/lib/tic_tac_toe.rb": [
        null,
        1,
        null,
        null,
        null,
        null,
        null,
        null,
        null,
        null,
        null,
        1,
        4,
        4,
        4,
        4,
        4,
        null,
        null,
        1,
        6,
        6,
        6,
        null,
        null,
        null,
        1,
        5,
        null,
        null,
        1,
        4,
        2,
        2,
        2,
        null,
        null,
        null,
        1,
        6,
        3,
        null,
        3,
        null,
        null,
        null,
        1,
        3,
        3,
        3,
        3,
        2,
        2,
        2,
        null,
        1,
        null,
        null,
        null,
        1,
        4,
        4,
        null,
        36,
        5,
        null,
        null,
        4,
        null,
        null,
        1,
        3,
        3,
        3,
        null,
        0,
        null,
        null,
        null,
        1,
        3,
        20,
        20,
        20,
        null,
        20,
        20,
        20,
        null,
        20,
        1,
        19,
        0,
        null,
        null,
        2,
        null,
        null,
        1,
        3,
        20,
        null,
        null,
        null,
        1,
        2,
        1,
        1,
        1,
        0,
        0,
        null,
        null,
        null,
        1,
        0,
        0,
        0,
        0,
        0,
        0,
        null,
        null,
        null,
        1,
        0,
        0,
        0,
        null,
        null,
        0,
        0,
        null,
        0,
        null,
        null,
        null
      ]
    },
    "timestamp": 1584854145
  }
}
